<?xml version="1.0" encoding="UTF-8"?>
<testng-results ignored="0" total="1" passed="1" failed="0" skipped="0">
  <reporter-output>
  </reporter-output>
  <suite started-at="2024-12-03T11:54:35 IST" name="Default suite" finished-at="2024-12-03T11:57:42 IST" duration-ms="187105">
    <groups>
    </groups>
    <test started-at="2024-12-03T11:54:35 IST" name="Default test" finished-at="2024-12-03T11:57:42 IST" duration-ms="187105">
      <class name="Test_Scripts.Demo">
        <test-method is-config="true" signature="beforeSuite()[pri:0, instance:Test_Scripts.Demo@76a4ebf2]" started-at="2024-12-03T11:54:35 IST" name="beforeSuite" finished-at="2024-12-03T11:54:35 IST" duration-ms="47" status="PASS">
          <reporter-output>
          </reporter-output>
        </test-method> <!-- beforeSuite -->
        <test-method is-config="true" signature="beforeTest()[pri:0, instance:Test_Scripts.Demo@76a4ebf2]" started-at="2024-12-03T11:54:35 IST" name="beforeTest" finished-at="2024-12-03T11:54:35 IST" duration-ms="1" status="PASS">
          <reporter-output>
          </reporter-output>
        </test-method> <!-- beforeTest -->
        <test-method is-config="true" signature="preCondition()[pri:0, instance:Test_Scripts.Demo@76a4ebf2]" started-at="2024-12-03T11:54:35 IST" name="preCondition" finished-at="2024-12-03T11:56:12 IST" duration-ms="96406" status="PASS">
          <reporter-output>
          </reporter-output>
        </test-method> <!-- preCondition -->
        <test-method is-config="true" signature="login()[pri:0, instance:Test_Scripts.Demo@76a4ebf2]" started-at="2024-12-03T11:56:12 IST" name="login" finished-at="2024-12-03T11:56:44 IST" duration-ms="32375" status="PASS">
          <reporter-output>
          </reporter-output>
        </test-method> <!-- login -->
        <test-method signature="main()[pri:0, instance:Test_Scripts.Demo@76a4ebf2]" started-at="2024-12-03T11:56:44 IST" name="main" finished-at="2024-12-03T11:56:44 IST" duration-ms="12" status="PASS">
          <reporter-output>
          </reporter-output>
        </test-method> <!-- main -->
        <test-method is-config="true" signature="logout()[pri:0, instance:Test_Scripts.Demo@76a4ebf2]" started-at="2024-12-03T11:56:44 IST" name="logout" finished-at="2024-12-03T11:57:11 IST" duration-ms="26969" status="PASS">
          <reporter-output>
          </reporter-output>
        </test-method> <!-- logout -->
        <test-method is-config="true" signature="postCondition()[pri:0, instance:Test_Scripts.Demo@76a4ebf2]" started-at="2024-12-03T11:57:11 IST" name="postCondition" finished-at="2024-12-03T11:57:42 IST" duration-ms="31179" status="PASS">
          <reporter-output>
          </reporter-output>
        </test-method> <!-- postCondition -->
        <test-method is-config="true" signature="afterTest()[pri:0, instance:Test_Scripts.Demo@76a4ebf2]" started-at="2024-12-03T11:57:42 IST" name="afterTest" finished-at="2024-12-03T11:57:42 IST" duration-ms="1" status="PASS">
          <reporter-output>
          </reporter-output>
        </test-method> <!-- afterTest -->
        <test-method is-config="true" signature="afterSuite()[pri:0, instance:Test_Scripts.Demo@76a4ebf2]" started-at="2024-12-03T11:57:42 IST" name="afterSuite" finished-at="2024-12-03T11:57:42 IST" duration-ms="0" status="PASS">
          <reporter-output>
          </reporter-output>
        </test-method> <!-- afterSuite -->
      </class> <!-- Test_Scripts.Demo -->
    </test> <!-- Default test -->
  </suite> <!-- Default suite -->
</testng-results>
